<?xml version="1.0" encoding="UTF-8"?>
<!-- Generated by org.testng.reporters.JUnitReportReporter -->
<testsuite hostname="DESKTOP-F7QBAOH" failures="0" tests="1" name="Demo.Sample" time="10.843" errors="0" timestamp="18 Dec 2020 08:09:09 GMT" skipped="0">
  <testcase classname="Demo.Sample" name="login" time="10.843"/>
</testsuite> <!-- Demo.Sample -->
